<?xml version="1.0" encoding="UTF-8"?>
<!-- Generated by org.testng.reporters.JUnitXMLReporter -->
<testsuite ignored="0" hostname="BINTERNS-QA44L" failures="1" tests="10" name="Surefire test" time="57.282" errors="0" timestamp="2023-05-15T12:32:54 IST">
  <testcase classname="com.easeMyTrip.test.TrainBookingTest" name="pageTitle_Test" time="10.036"/>
  <testcase classname="com.easeMyTrip.test.TrainBookingTest" name="SearchBtn_func_Test" time="2.094"/>
  <testcase classname="com.easeMyTrip.test.TrainBookingTest" name="SearchResult_Test" time="8.75"/>
  <testcase classname="com.easeMyTrip.test.TrainBookingTest" name="ModifyBtn_Test" time="8.287"/>
  <testcase classname="com.easeMyTrip.test.TrainBookingTest" name="BookBTn_Test" time="4.213"/>
  <testcase classname="com.easeMyTrip.test.TrainBookingTest" name="cntnueBtn_Test" time="5.168"/>
  <testcase classname="com.easeMyTrip.test.TrainBookingTest" name="SaveBtn_Test" time="0.093"/>
  <testcase classname="com.easeMyTrip.test.TrainBookingTest" name="TotalPrice_Test" time="0.06"/>
  <testcase classname="com.easeMyTrip.test.TrainBookingTest" name="Travellerdetails_Test" time="8.96">
    <failure type="java.lang.AssertionError" message="expected [true] but found [false]">
      <![CDATA[java.lang.AssertionError: expected [true] but found [false]
at com.easeMyTrip.test.TrainBookingTest.Travellerdetails_Test(TrainBookingTest.java:194)
at java.base/java.util.ArrayList.forEach(ArrayList.java:1511)
... Removed 39 stack frames]]>
    </failure>
  </testcase> <!-- Travellerdetails_Test -->
  <testcase classname="com.easeMyTrip.test.TrainBookingTest" name="PaymentMethod_Test" time="0.0">
    <skipped/>
  </testcase> <!-- PaymentMethod_Test -->
</testsuite> <!-- Surefire test -->
