<?xml version="1.0" encoding="UTF-8"?>
<testng-results ignored="0" total="10" passed="8" failed="1" skipped="1">
  <reporter-output>
  </reporter-output>
  <suite started-at="2023-05-12T16:51:31 IST" name="Surefire suite" finished-at="2023-05-12T16:52:17 IST" duration-ms="45765">
    <groups>
    </groups>
    <test started-at="2023-05-12T16:51:31 IST" name="Surefire test" finished-at="2023-05-12T16:52:17 IST" duration-ms="45765">
      <class name="com.easeMyTrip.test.TrainBookingTest">
        <test-method is-config="true" signature="startTest()[pri:0, instance:com.easeMyTrip.test.TrainBookingTest@65466a6a]" started-at="2023-05-12T16:51:31 IST" name="startTest" finished-at="2023-05-12T16:51:31 IST" duration-ms="101" status="PASS">
          <reporter-output>
          </reporter-output>
        </test-method> <!-- startTest -->
        <test-method is-config="true" signature="SteUp()[pri:0, instance:com.easeMyTrip.test.TrainBookingTest@65466a6a]" started-at="2023-05-12T16:51:31 IST" name="SteUp" finished-at="2023-05-12T16:51:36 IST" duration-ms="5023" status="PASS">
          <reporter-output>
          </reporter-output>
        </test-method> <!-- SteUp -->
        <test-method signature="pageTitle_Test()[pri:0, instance:com.easeMyTrip.test.TrainBookingTest@65466a6a]" started-at="2023-05-12T16:51:36 IST" name="pageTitle_Test" finished-at="2023-05-12T16:51:43 IST" duration-ms="6808" status="PASS">
          <reporter-output>
          </reporter-output>
        </test-method> <!-- pageTitle_Test -->
        <test-method signature="SearchBtn_func_Test()[pri:0, instance:com.easeMyTrip.test.TrainBookingTest@65466a6a]" started-at="2023-05-12T16:51:43 IST" name="SearchBtn_func_Test" finished-at="2023-05-12T16:51:45 IST" depends-on-methods="com.easeMyTrip.test.TrainBookingTest.pageTitle_Test" duration-ms="2081" status="PASS">
          <reporter-output>
          </reporter-output>
        </test-method> <!-- SearchBtn_func_Test -->
        <test-method signature="SearchResult_Test()[pri:0, instance:com.easeMyTrip.test.TrainBookingTest@65466a6a]" started-at="2023-05-12T16:51:45 IST" name="SearchResult_Test" finished-at="2023-05-12T16:51:51 IST" depends-on-methods="com.easeMyTrip.test.TrainBookingTest.SearchBtn_func_Test" duration-ms="6049" status="PASS">
          <reporter-output>
          </reporter-output>
        </test-method> <!-- SearchResult_Test -->
        <test-method signature="ModifyBtn_Test()[pri:0, instance:com.easeMyTrip.test.TrainBookingTest@65466a6a]" started-at="2023-05-12T16:51:51 IST" name="ModifyBtn_Test" finished-at="2023-05-12T16:51:59 IST" depends-on-methods="com.easeMyTrip.test.TrainBookingTest.SearchResult_Test" duration-ms="7881" status="PASS">
          <reporter-output>
          </reporter-output>
        </test-method> <!-- ModifyBtn_Test -->
        <test-method signature="BookBTn_Test()[pri:0, instance:com.easeMyTrip.test.TrainBookingTest@65466a6a]" started-at="2023-05-12T16:51:59 IST" name="BookBTn_Test" finished-at="2023-05-12T16:52:03 IST" depends-on-methods="com.easeMyTrip.test.TrainBookingTest.ModifyBtn_Test" duration-ms="4218" status="PASS">
          <reporter-output>
          </reporter-output>
        </test-method> <!-- BookBTn_Test -->
        <test-method signature="cntnueBtn_Test()[pri:0, instance:com.easeMyTrip.test.TrainBookingTest@65466a6a]" started-at="2023-05-12T16:52:03 IST" name="cntnueBtn_Test" finished-at="2023-05-12T16:52:07 IST" depends-on-methods="com.easeMyTrip.test.TrainBookingTest.BookBTn_Test" duration-ms="4294" status="PASS">
          <reporter-output>
          </reporter-output>
        </test-method> <!-- cntnueBtn_Test -->
        <test-method signature="SaveBtn_Test()[pri:0, instance:com.easeMyTrip.test.TrainBookingTest@65466a6a]" started-at="2023-05-12T16:52:07 IST" name="SaveBtn_Test" finished-at="2023-05-12T16:52:07 IST" depends-on-methods="com.easeMyTrip.test.TrainBookingTest.cntnueBtn_Test" duration-ms="99" status="PASS">
          <reporter-output>
          </reporter-output>
        </test-method> <!-- SaveBtn_Test -->
        <test-method signature="TotalPrice_Test()[pri:0, instance:com.easeMyTrip.test.TrainBookingTest@65466a6a]" started-at="2023-05-12T16:52:07 IST" name="TotalPrice_Test" finished-at="2023-05-12T16:52:07 IST" depends-on-methods="com.easeMyTrip.test.TrainBookingTest.cntnueBtn_Test" duration-ms="84" status="PASS">
          <reporter-output>
          </reporter-output>
        </test-method> <!-- TotalPrice_Test -->
        <test-method signature="Travellerdetails_Test()[pri:0, instance:com.easeMyTrip.test.TrainBookingTest@65466a6a]" started-at="2023-05-12T16:52:07 IST" name="Travellerdetails_Test" finished-at="2023-05-12T16:52:16 IST" depends-on-methods="com.easeMyTrip.test.TrainBookingTest.TotalPrice_Test" duration-ms="8958" status="FAIL">
          <exception class="java.lang.AssertionError">
            <message>
              <![CDATA[expected [true] but found [false]]]>
            </message>
            <full-stacktrace>
              <![CDATA[java.lang.AssertionError: expected [true] but found [false]
at org.testng.Assert.fail(Assert.java:110)
at org.testng.Assert.failNotEquals(Assert.java:1577)
at org.testng.Assert.assertEqualsImpl(Assert.java:149)
at org.testng.Assert.assertEquals(Assert.java:131)
at org.testng.Assert.assertEquals(Assert.java:1066)
at org.testng.Assert.assertEquals(Assert.java:1030)
at org.testng.Assert.assertEquals(Assert.java:1076)
at com.easeMyTrip.test.TrainBookingTest.Travellerdetails_Test(TrainBookingTest.java:194)
at java.base/jdk.internal.reflect.NativeMethodAccessorImpl.invoke0(Native Method)
at java.base/jdk.internal.reflect.NativeMethodAccessorImpl.invoke(NativeMethodAccessorImpl.java:77)
at java.base/jdk.internal.reflect.DelegatingMethodAccessorImpl.invoke(DelegatingMethodAccessorImpl.java:43)
at java.base/java.lang.reflect.Method.invoke(Method.java:568)
at org.testng.internal.invokers.MethodInvocationHelper.invokeMethod(MethodInvocationHelper.java:139)
at org.testng.internal.invokers.TestInvoker.invokeMethod(TestInvoker.java:677)
at org.testng.internal.invokers.TestInvoker.invokeTestMethod(TestInvoker.java:221)
at org.testng.internal.invokers.MethodRunner.runInSequence(MethodRunner.java:50)
at org.testng.internal.invokers.TestInvoker$MethodInvocationAgent.invoke(TestInvoker.java:969)
at org.testng.internal.invokers.TestInvoker.invokeTestMethods(TestInvoker.java:194)
at org.testng.internal.invokers.TestMethodWorker.invokeTestMethods(TestMethodWorker.java:148)
at org.testng.internal.invokers.TestMethodWorker.run(TestMethodWorker.java:128)
at java.base/java.util.ArrayList.forEach(ArrayList.java:1511)
at org.testng.TestRunner.privateRun(TestRunner.java:829)
at org.testng.TestRunner.run(TestRunner.java:602)
at org.testng.SuiteRunner.runTest(SuiteRunner.java:437)
at org.testng.SuiteRunner.runSequentially(SuiteRunner.java:431)
at org.testng.SuiteRunner.privateRun(SuiteRunner.java:391)
at org.testng.SuiteRunner.run(SuiteRunner.java:330)
at org.testng.SuiteRunnerWorker.runSuite(SuiteRunnerWorker.java:52)
at org.testng.SuiteRunnerWorker.run(SuiteRunnerWorker.java:95)
at org.testng.TestNG.runSuitesSequentially(TestNG.java:1256)
at org.testng.TestNG.runSuitesLocally(TestNG.java:1176)
at org.testng.TestNG.runSuites(TestNG.java:1099)
at org.testng.TestNG.run(TestNG.java:1067)
at org.apache.maven.surefire.testng.TestNGExecutor.run(TestNGExecutor.java:136)
at org.apache.maven.surefire.testng.TestNGDirectoryTestSuite.executeSingleClass(TestNGDirectoryTestSuite.java:112)
at org.apache.maven.surefire.testng.TestNGDirectoryTestSuite.execute(TestNGDirectoryTestSuite.java:99)
at org.apache.maven.surefire.testng.TestNGProvider.invoke(TestNGProvider.java:145)
at org.apache.maven.surefire.booter.ForkedBooter.runSuitesInProcess(ForkedBooter.java:428)
at org.apache.maven.surefire.booter.ForkedBooter.execute(ForkedBooter.java:162)
at org.apache.maven.surefire.booter.ForkedBooter.run(ForkedBooter.java:562)
at org.apache.maven.surefire.booter.ForkedBooter.main(ForkedBooter.java:548)
]]>
            </full-stacktrace>
          </exception> <!-- java.lang.AssertionError -->
          <reporter-output>
          </reporter-output>
        </test-method> <!-- Travellerdetails_Test -->
        <test-method signature="PaymentMethod_Test()[pri:0, instance:com.easeMyTrip.test.TrainBookingTest@65466a6a]" started-at="2023-05-12T16:52:16 IST" name="PaymentMethod_Test" finished-at="2023-05-12T16:52:16 IST" depends-on-methods="com.easeMyTrip.test.TrainBookingTest.Travellerdetails_Test" duration-ms="0" status="SKIP">
          <exception class="java.lang.Throwable">
            <message>
              <![CDATA[Method com.easeMyTrip.test.TrainBookingTest.PaymentMethod_Test() on instance com.easeMyTrip.test.TrainBookingTest@65466a6a depends on not successfully finished methods 
[com.easeMyTrip.test.TrainBookingTest.Travellerdetails_Test() on instance com.easeMyTrip.test.TrainBookingTest@65466a6a]]]>
            </message>
            <full-stacktrace>
              <![CDATA[java.lang.Throwable: Method com.easeMyTrip.test.TrainBookingTest.PaymentMethod_Test() on instance com.easeMyTrip.test.TrainBookingTest@65466a6a depends on not successfully finished methods 
[com.easeMyTrip.test.TrainBookingTest.Travellerdetails_Test() on instance com.easeMyTrip.test.TrainBookingTest@65466a6a]
at org.testng.internal.invokers.TestInvoker.invokeTestMethods(TestInvoker.java:150)
at org.testng.internal.invokers.TestMethodWorker.invokeTestMethods(TestMethodWorker.java:148)
at org.testng.internal.invokers.TestMethodWorker.run(TestMethodWorker.java:128)
at java.base/java.util.ArrayList.forEach(ArrayList.java:1511)
at org.testng.TestRunner.privateRun(TestRunner.java:829)
at org.testng.TestRunner.run(TestRunner.java:602)
at org.testng.SuiteRunner.runTest(SuiteRunner.java:437)
at org.testng.SuiteRunner.runSequentially(SuiteRunner.java:431)
at org.testng.SuiteRunner.privateRun(SuiteRunner.java:391)
at org.testng.SuiteRunner.run(SuiteRunner.java:330)
at org.testng.SuiteRunnerWorker.runSuite(SuiteRunnerWorker.java:52)
at org.testng.SuiteRunnerWorker.run(SuiteRunnerWorker.java:95)
at org.testng.TestNG.runSuitesSequentially(TestNG.java:1256)
at org.testng.TestNG.runSuitesLocally(TestNG.java:1176)
at org.testng.TestNG.runSuites(TestNG.java:1099)
at org.testng.TestNG.run(TestNG.java:1067)
at org.apache.maven.surefire.testng.TestNGExecutor.run(TestNGExecutor.java:136)
at org.apache.maven.surefire.testng.TestNGDirectoryTestSuite.executeSingleClass(TestNGDirectoryTestSuite.java:112)
at org.apache.maven.surefire.testng.TestNGDirectoryTestSuite.execute(TestNGDirectoryTestSuite.java:99)
at org.apache.maven.surefire.testng.TestNGProvider.invoke(TestNGProvider.java:145)
at org.apache.maven.surefire.booter.ForkedBooter.runSuitesInProcess(ForkedBooter.java:428)
at org.apache.maven.surefire.booter.ForkedBooter.execute(ForkedBooter.java:162)
at org.apache.maven.surefire.booter.ForkedBooter.run(ForkedBooter.java:562)
at org.apache.maven.surefire.booter.ForkedBooter.main(ForkedBooter.java:548)
]]>
            </full-stacktrace>
          </exception> <!-- java.lang.Throwable -->
          <reporter-output>
          </reporter-output>
        </test-method> <!-- PaymentMethod_Test -->
        <test-method is-config="true" signature="TearDown()[pri:0, instance:com.easeMyTrip.test.TrainBookingTest@65466a6a]" started-at="2023-05-12T16:52:16 IST" name="TearDown" finished-at="2023-05-12T16:52:17 IST" duration-ms="244" status="PASS">
          <reporter-output>
          </reporter-output>
        </test-method> <!-- TearDown -->
        <test-method is-config="true" signature="endTest()[pri:0, instance:com.easeMyTrip.test.TrainBookingTest@65466a6a]" started-at="2023-05-12T16:52:17 IST" name="endTest" finished-at="2023-05-12T16:52:17 IST" duration-ms="124" status="PASS">
          <reporter-output>
          </reporter-output>
        </test-method> <!-- endTest -->
      </class> <!-- com.easeMyTrip.test.TrainBookingTest -->
    </test> <!-- Surefire test -->
  </suite> <!-- Surefire suite -->
</testng-results>
