<?xml version="1.0" encoding="UTF-8"?>
<!-- Generated by org.testng.reporters.JUnitReportReporter -->
<testsuite hostname="BINTERNS-QA44L" failures="1" tests="14" name="com.easeMyTrip.test.HomePageTest" time="84.280" errors="0" timestamp="2023-05-10T17:24:05 IST" skipped="0">
  <testcase classname="com.easeMyTrip.test.HomePageTest" name="HomePageTitleTest" time="2.040"/>
  <system-out/>
  <testcase classname="com.easeMyTrip.test.HomePageTest" name="HeaderlogoVisibilityTest" time="0.083"/>
  <system-out/>
  <testcase classname="com.easeMyTrip.test.HomePageTest" name="currentUrlTest" time="0.009"/>
  <system-out/>
  <testcase classname="com.easeMyTrip.test.HomePageTest" name="FlightTabTest" time="5.041"/>
  <system-out/>
  <testcase classname="com.easeMyTrip.test.HomePageTest" name="Hotels_tab" time="15.742"/>
  <system-out/>
  <testcase classname="com.easeMyTrip.test.HomePageTest" name="ValidateFlight_HotelsTab" time="10.434"/>
  <system-out/>
  <testcase classname="com.easeMyTrip.test.HomePageTest" name="Train_TabTest" time="13.351"/>
  <system-out/>
  <testcase classname="com.easeMyTrip.test.HomePageTest" name="Bus_TabTest" time="4.165"/>
  <system-out/>
  <testcase classname="com.easeMyTrip.test.HomePageTest" name="HeaderlinkCount_Test" time="0.048"/>
  <system-out/>
  <testcase classname="com.easeMyTrip.test.HomePageTest" name="FooterlinkCount_Test" time="0.056"/>
  <system-out/>
  <testcase classname="com.easeMyTrip.test.HomePageTest" name="JoinIcon_Test" time="4.242"/>
  <system-out/>
  <testcase classname="com.easeMyTrip.test.HomePageTest" name="Source_LocTest" time="23.884"/>
  <system-out/>
  <testcase classname="com.easeMyTrip.test.HomePageTest" name="SearchBtn_FuncTest" time="2.907"/>
  <system-out/>
  <testcase classname="com.easeMyTrip.test.HomePageTest" name="WebcheckInBtn_Test" time="2.278">
    <failure message="expected [https://www.easemytrip.com/web-checkin.html] but found [https://www.easemytrip.com/JoinEMTPro]" type="java.lang.AssertionError">
      <![CDATA[java.lang.AssertionError: expected [https://www.easemytrip.com/web-checkin.html] but found [https://www.easemytrip.com/JoinEMTPro]
at org.testng.Assert.fail(Assert.java:99)
at org.testng.Assert.failNotEquals(Assert.java:1037)
at org.testng.Assert.assertEqualsImpl(Assert.java:140)
at org.testng.Assert.assertEquals(Assert.java:122)
at org.testng.Assert.assertEquals(Assert.java:629)
at org.testng.Assert.assertEquals(Assert.java:639)
at com.easeMyTrip.test.HomePageAction.a_WebCheck_In(HomePageAction.java:111)
at com.easeMyTrip.test.HomePageTest.WebcheckInBtn_Test(HomePageTest.java:304)
at java.base/jdk.internal.reflect.NativeMethodAccessorImpl.invoke0(Native Method)
at java.base/jdk.internal.reflect.NativeMethodAccessorImpl.invoke(NativeMethodAccessorImpl.java:77)
at java.base/jdk.internal.reflect.DelegatingMethodAccessorImpl.invoke(DelegatingMethodAccessorImpl.java:43)
at java.base/java.lang.reflect.Method.invoke(Method.java:568)
at org.testng.internal.MethodInvocationHelper.invokeMethod(MethodInvocationHelper.java:133)
at org.testng.internal.TestInvoker.invokeMethod(TestInvoker.java:598)
at org.testng.internal.TestInvoker.invokeTestMethod(TestInvoker.java:173)
at org.testng.internal.MethodRunner.runInSequence(MethodRunner.java:46)
at org.testng.internal.TestInvoker$MethodInvocationAgent.invoke(TestInvoker.java:824)
at org.testng.internal.TestInvoker.invokeTestMethods(TestInvoker.java:146)
at org.testng.internal.TestMethodWorker.invokeTestMethods(TestMethodWorker.java:146)
at org.testng.internal.TestMethodWorker.run(TestMethodWorker.java:128)
at java.base/java.util.ArrayList.forEach(ArrayList.java:1511)
at org.testng.TestRunner.privateRun(TestRunner.java:794)
at org.testng.TestRunner.run(TestRunner.java:596)
at org.testng.SuiteRunner.runTest(SuiteRunner.java:377)
at org.testng.SuiteRunner.runSequentially(SuiteRunner.java:371)
at org.testng.SuiteRunner.privateRun(SuiteRunner.java:332)
at org.testng.SuiteRunner.run(SuiteRunner.java:276)
at org.testng.SuiteRunnerWorker.runSuite(SuiteRunnerWorker.java:53)
at org.testng.SuiteRunnerWorker.run(SuiteRunnerWorker.java:96)
at org.testng.TestNG.runSuitesSequentially(TestNG.java:1212)
at org.testng.TestNG.runSuitesLocally(TestNG.java:1134)
at org.testng.TestNG.runSuites(TestNG.java:1063)
at org.testng.TestNG.run(TestNG.java:1031)
at org.testng.remote.AbstractRemoteTestNG.run(AbstractRemoteTestNG.java:115)
at org.testng.remote.RemoteTestNG.initAndRun(RemoteTestNG.java:251)
at org.testng.remote.RemoteTestNG.main(RemoteTestNG.java:77)
]]>
    </failure>
  </testcase> <!-- WebcheckInBtn_Test -->
  <system-out/>
</testsuite> <!-- com.easeMyTrip.test.HomePageTest -->
